<?xml version="1.0" encoding="UTF-8"?>
<testsuite name="ru.netology.rest.MobileBankApiTestShouldPut" tests="1" skipped="0" failures="0" errors="0" timestamp="2020-06-01T08:49:40" hostname="MacBook-Air-lada.local" time="6.815">
  <properties/>
  <testcase name="shouldPut()" classname="ru.netology.rest.MobileBankApiTestShouldPut" time="6.815"/>
  <system-out><![CDATA[]]></system-out>
  <system-err><![CDATA[]]></system-err>
</testsuite>
