<?xml version="1.0" encoding="UTF-8"?>
<testsuite name="ru.netology.rest.MobileBankApiV2Test" tests="1" skipped="0" failures="0" errors="0" timestamp="2020-06-01T09:18:44" hostname="MacBook-Air-lada.local" time="0.461">
  <properties/>
  <testcase name="shouldReturnDemoAccounts()" classname="ru.netology.rest.MobileBankApiV2Test" time="0.461"/>
  <system-out><![CDATA[]]></system-out>
  <system-err><![CDATA[]]></system-err>
</testsuite>
